<?xml version="1.0" encoding="UTF-8"?>
<!-- Generated by org.testng.reporters.JUnitReportReporter -->
<testsuite hostname="80W-FIRMLAB07" failures="1" tests="1" name="test.C4000416" time="108.650" errors="0" timestamp="2024-05-09T21:56:23 CDT" skipped="0">
  <testcase classname="test.C4000416" name="test" time="108.650">
    <failure message="expected [false] but found [true]" type="java.lang.AssertionError">
      <![CDATA[java.lang.AssertionError: expected [false] but found [true]
at org.testng.Assert.fail(Assert.java:110)
at org.testng.Assert.failNotEquals(Assert.java:1413)
at org.testng.Assert.assertEqualsImpl(Assert.java:149)
at org.testng.Assert.assertEquals(Assert.java:131)
at org.testng.Assert.assertEquals(Assert.java:976)
at org.testng.Assert.assertEquals(Assert.java:1010)
at pages.genericMethods.checkElement(genericMethods.java:1710)
at test.C4000416.test(C4000416.java:892)
at java.base/jdk.internal.reflect.NativeMethodAccessorImpl.invoke0(Native Method)
at java.base/jdk.internal.reflect.NativeMethodAccessorImpl.invoke(NativeMethodAccessorImpl.java:77)
at java.base/jdk.internal.reflect.DelegatingMethodAccessorImpl.invoke(DelegatingMethodAccessorImpl.java:43)
at java.base/java.lang.reflect.Method.invoke(Method.java:568)
at org.testng.internal.invokers.MethodInvocationHelper.invokeMethod(MethodInvocationHelper.java:139)
at org.testng.internal.invokers.TestInvoker.invokeMethod(TestInvoker.java:677)
at org.testng.internal.invokers.TestInvoker.invokeTestMethod(TestInvoker.java:221)
at org.testng.internal.invokers.MethodRunner.runInSequence(MethodRunner.java:50)
at org.testng.internal.invokers.TestInvoker$MethodInvocationAgent.invoke(TestInvoker.java:962)
at org.testng.internal.invokers.TestInvoker.invokeTestMethods(TestInvoker.java:194)
at org.testng.internal.invokers.TestMethodWorker.invokeTestMethods(TestMethodWorker.java:148)
at org.testng.internal.invokers.TestMethodWorker.run(TestMethodWorker.java:128)
at java.base/java.util.ArrayList.forEach(ArrayList.java:1511)
at org.testng.TestRunner.privateRun(TestRunner.java:806)
at org.testng.TestRunner.run(TestRunner.java:601)
at org.testng.SuiteRunner.runTest(SuiteRunner.java:433)
at org.testng.SuiteRunner.runSequentially(SuiteRunner.java:427)
at org.testng.SuiteRunner.privateRun(SuiteRunner.java:387)
at org.testng.SuiteRunner.run(SuiteRunner.java:330)
at org.testng.SuiteRunnerWorker.runSuite(SuiteRunnerWorker.java:52)
at org.testng.SuiteRunnerWorker.run(SuiteRunnerWorker.java:95)
at org.testng.TestNG.runSuitesSequentially(TestNG.java:1256)
at org.testng.TestNG.runSuitesLocally(TestNG.java:1176)
at org.testng.TestNG.runSuites(TestNG.java:1099)
at org.testng.TestNG.run(TestNG.java:1067)
at org.apache.maven.surefire.testng.TestNGExecutor.run(TestNGExecutor.java:155)
at org.apache.maven.surefire.testng.TestNGDirectoryTestSuite.executeSingleClass(TestNGDirectoryTestSuite.java:102)
at org.apache.maven.surefire.testng.TestNGDirectoryTestSuite.execute(TestNGDirectoryTestSuite.java:91)
at org.apache.maven.surefire.testng.TestNGProvider.invoke(TestNGProvider.java:137)
at org.apache.maven.surefire.booter.ForkedBooter.runSuitesInProcess(ForkedBooter.java:385)
at org.apache.maven.surefire.booter.ForkedBooter.execute(ForkedBooter.java:162)
at org.apache.maven.surefire.booter.ForkedBooter.run(ForkedBooter.java:507)
at org.apache.maven.surefire.booter.ForkedBooter.main(ForkedBooter.java:495)
]]>
    </failure>
  </testcase> <!-- test -->
  <system-out>
    <![CDATA[Browser is set chrome
Clicked on the Element 
Send Text to an element
Send Text to an element
Clicked on the Element 
It is in new Home page 
Clicked on the Element 
The variable value is ZSB-LC2
The variable value is ZSB-DP12
The variable value is ZSB-LC2
The variable value is ZSB-DP12
Clicked on the Element 
Clicked on the Element 
Element is present. 1
Element is Not Enabled. 
Element is present. 1
Element is present. 12
Element is present. 1
Element is present. 1
Element is present. 1
Actual Text is 4" x 6" compared with expected Text 4" x 6"
Element is present. 2
Element is present. 1
Actual Text is 2.25" x 4" compared with expected Text 2.25" x 4"
Element is present. 1
Element is present. 1
Element is present. 1
Actual Text is 1.25" x 1.25" compared with expected Text 1.25" x 1.25"
Element is present. 1
Element is present. 1
Actual Text is 2.25" x 3.5" compared with expected Text 2.25" x 3.5"
Element is present. 1
Element is present. 1
Actual Text is 2.25" x 0.5" compared with expected Text 2.25" x 0.5"
Element is present. 1
Element is present. 1
Actual Text is 2.25" x 0.75" compared with expected Text 2.25" x 0.75"
Element is present. 1
Element is present. 1
Actual Text is 2.25" x 1" compared with expected Text 2.25" x 1"
Element is present. 1
Element is present. 2
Actual Text is 1.25" x 3.5" compared with expected Text 1.25" x 3.5"
Element is present. 1
Element is present. 1
Actual Text is 4" x 3" compared with expected Text 4" x 3"
Element is present. 1
Element is present. 1
Actual Text is 2" x 2" compared with expected Text 2" x 2"
Clicked on the Element 
The dialogue window has selected OK
The dialogue window has selected OK
Clicked on the Element 
The variable value is ZSB-LC2
Clicked on the Element 
Clicked on the Element 
Actual Text is ZSB-LC2, ZSB-LC102 compared with expected Text ZSB-LC2, ZSB-LC102
Clicked on the Element 
Clicked on the Element 
The Webpage is switch to Frame
This is the zoom level 350
Clicked on the Element 
Dropped on Canvas
Clicked on the Element 
Dropped on Canvas
Clicked on the Element 
Clicked on the Element 
test failed Fail
this is the exception for failure expected [false] but found [true]
this is the exec id in listners 928563]]>
  </system-out>
</testsuite> <!-- test.C4000416 -->
