-------------------------------------------------------------------------------
Test set: test.C4000334
-------------------------------------------------------------------------------
Tests run: 1, Failures: 1, Errors: 0, Skipped: 0, Time elapsed: 140.674 sec <<< FAILURE!
test(test.C4000334)  Time elapsed: 115.563 sec  <<< FAILURE!
org.openqa.selenium.TimeoutException: Expected condition failed: waiting for visibility of element located by By.xpath: //*[text()='Got It'] (tried for 60 second(s) with 500 milliseconds interval)
Build info: version: '4.2.2', revision: '683ccb65d6'
System info: host: '48S-TDMSTEST02', ip: '10.48.2.21', os.name: 'Windows Server 2019', os.arch: 'amd64', os.version: '10.0', java.version: '18.0.2.1'
Driver info: org.openqa.selenium.remote.RemoteWebDriver
Capabilities {acceptInsecureCerts: false, browserName: msedge, browserVersion: 119.0.2151.97, fedcm:accounts: true, ms:edgeOptions: {debuggerAddress: localhost:53480}, msedge: {msedgedriverVersion: 119.0.2151.97 (42f50dec8b7a..., userDataDir: C:\Users\FIRMWA~1\AppData\L...}, networkConnectionEnabled: false, pageLoadStrategy: normal, platformName: Windows 10, proxy: Proxy(), se:bidiEnabled: false, se:cdp: ws://10.80.4.167:4444/sessi..., se:cdpVersion: 119.0.2151.97, setWindowRect: true, strictFileInteractability: false, timeouts: {implicit: 0, pageLoad: 300000, script: 30000}, unhandledPromptBehavior: dismiss and notify, webauthn:extension:credBlob: true, webauthn:extension:largeBlob: true, webauthn:extension:minPinLength: true, webauthn:extension:prf: true, webauthn:virtualAuthenticators: true}
Session ID: 7312ac4a495b064cef1035829b7a8e79
	at org.openqa.selenium.support.ui.WebDriverWait.timeoutException(WebDriverWait.java:87)
	at org.openqa.selenium.support.ui.FluentWait.until(FluentWait.java:231)
	at pages.genericMethods.Click(genericMethods.java:220)
	at test.C4000334.test(C4000334.java:145)

